<?xml version="1.0" encoding="UTF-8"?>
<!DOCTYPE coverage SYSTEM "http://cobertura.sourceforge.net/xml/coverage-04.dtd">
<coverage line-rate="0.58913046" branch-rate="0" lines-covered="542" lines-valid="920" branches-covered="0" branches-valid="0" complexity="0" version="" timestamp="1588780757003">
	<packages>
		<package name="github.com/TurnsCoffeeIntoScripts/git-log-issue-finder/pkg/interpreter/ast" line-rate="0.3467742" branch-rate="0" complexity="0" line-count="124" line-hits="43">
			<classes>
				<class name="HashLiteral" filename="pkg/interpreter/ast/ast.go" line-rate="0" branch-rate="0" complexity="0" line-count="9" line-hits="0">
					<methods>
						<method name="expressionNode" signature="" line-rate="NaN" branch-rate="0" complexity="0" line-count="0" line-hits="0">
							<lines></lines>
						</method>
						<method name="TokenLiteral" signature="" line-rate="0" branch-rate="0" complexity="0" line-count="0" line-hits="0">
							<lines>
								<line number="337" hits="0"></line>
							</lines>
						</method>
						<method name="String" signature="" line-rate="0" branch-rate="0" complexity="0" line-count="0" line-hits="0">
							<lines>
								<line number="341" hits="0"></line>
								<line number="343" hits="0"></line>
								<line number="344" hits="0"></line>
								<line number="345" hits="0"></line>
								<line number="348" hits="0"></line>
								<line number="349" hits="0"></line>
								<line number="350" hits="0"></line>
								<line number="351" hits="0"></line>
							</lines>
						</method>
					</methods>
					<lines>
						<line number="337" hits="0"></line>
						<line number="341" hits="0"></line>
						<line number="343" hits="0"></line>
						<line number="344" hits="0"></line>
						<line number="345" hits="0"></line>
						<line number="348" hits="0"></line>
						<line number="349" hits="0"></line>
						<line number="350" hits="0"></line>
						<line number="351" hits="0"></line>
					</lines>
				</class>
				<class name="StringLiteral" filename="pkg/interpreter/ast/ast.go" line-rate="0.5" branch-rate="0" complexity="0" line-count="2" line-hits="1">
					<methods>
						<method name="expressionNode" signature="" line-rate="NaN" branch-rate="0" complexity="0" line-count="0" line-hits="0">
							<lines></lines>
						</method>
						<method name="TokenLiteral" signature="" line-rate="0" branch-rate="0" complexity="0" line-count="0" line-hits="0">
							<lines>
								<line number="373" hits="0"></line>
							</lines>
						</method>
						<method name="String" signature="" line-rate="1" branch-rate="0" complexity="0" line-count="0" line-hits="0">
							<lines>
								<line number="377" hits="1"></line>
							</lines>
						</method>
					</methods>
					<lines>
						<line number="373" hits="0"></line>
						<line number="377" hits="1"></line>
					</lines>
				</class>
				<class name="Boolean" filename="pkg/interpreter/ast/ast.go" line-rate="0.5" branch-rate="0" complexity="0" line-count="2" line-hits="1">
					<methods>
						<method name="expressionNode" signature="" line-rate="NaN" branch-rate="0" complexity="0" line-count="0" line-hits="0">
							<lines></lines>
						</method>
						<method name="TokenLiteral" signature="" line-rate="0" branch-rate="0" complexity="0" line-count="0" line-hits="0">
							<lines>
								<line number="386" hits="0"></line>
							</lines>
						</method>
						<method name="String" signature="" line-rate="1" branch-rate="0" complexity="0" line-count="0" line-hits="0">
							<lines>
								<line number="390" hits="1"></line>
							</lines>
						</method>
					</methods>
					<lines>
						<line number="386" hits="0"></line>
						<line number="390" hits="1"></line>
					</lines>
				</class>
				<class name="IfExpression" filename="pkg/interpreter/ast/ast.go" line-rate="0" branch-rate="0" complexity="0" line-count="10" line-hits="0">
					<methods>
						<method name="expressionNode" signature="" line-rate="NaN" branch-rate="0" complexity="0" line-count="0" line-hits="0">
							<lines></lines>
						</method>
						<method name="TokenLiteral" signature="" line-rate="0" branch-rate="0" complexity="0" line-count="0" line-hits="0">
							<lines>
								<line number="440" hits="0"></line>
							</lines>
						</method>
						<method name="String" signature="" line-rate="0" branch-rate="0" complexity="0" line-count="0" line-hits="0">
							<lines>
								<line number="444" hits="0"></line>
								<line number="446" hits="0"></line>
								<line number="447" hits="0"></line>
								<line number="448" hits="0"></line>
								<line number="449" hits="0"></line>
								<line number="451" hits="0"></line>
								<line number="452" hits="0"></line>
								<line number="453" hits="0"></line>
								<line number="456" hits="0"></line>
							</lines>
						</method>
					</methods>
					<lines>
						<line number="440" hits="0"></line>
						<line number="444" hits="0"></line>
						<line number="446" hits="0"></line>
						<line number="447" hits="0"></line>
						<line number="448" hits="0"></line>
						<line number="449" hits="0"></line>
						<line number="451" hits="0"></line>
						<line number="452" hits="0"></line>
						<line number="453" hits="0"></line>
						<line number="456" hits="0"></line>
					</lines>
				</class>
				<class name="CallExpression" filename="pkg/interpreter/ast/ast.go" line-rate="0" branch-rate="0" complexity="0" line-count="10" line-hits="0">
					<methods>
						<method name="expressionNode" signature="" line-rate="NaN" branch-rate="0" complexity="0" line-count="0" line-hits="0">
							<lines></lines>
						</method>
						<method name="TokenLiteral" signature="" line-rate="0" branch-rate="0" complexity="0" line-count="0" line-hits="0">
							<lines>
								<line number="465" hits="0"></line>
							</lines>
						</method>
						<method name="String" signature="" line-rate="0" branch-rate="0" complexity="0" line-count="0" line-hits="0">
							<lines>
								<line number="469" hits="0"></line>
								<line number="471" hits="0"></line>
								<line number="472" hits="0"></line>
								<line number="473" hits="0"></line>
								<line number="476" hits="0"></line>
								<line number="477" hits="0"></line>
								<line number="478" hits="0"></line>
								<line number="479" hits="0"></line>
								<line number="481" hits="0"></line>
							</lines>
						</method>
					</methods>
					<lines>
						<line number="465" hits="0"></line>
						<line number="469" hits="0"></line>
						<line number="471" hits="0"></line>
						<line number="472" hits="0"></line>
						<line number="473" hits="0"></line>
						<line number="476" hits="0"></line>
						<line number="477" hits="0"></line>
						<line number="478" hits="0"></line>
						<line number="479" hits="0"></line>
						<line number="481" hits="0"></line>
					</lines>
				</class>
				<class name="Identifier" filename="pkg/interpreter/ast/ast.go" line-rate="0.5" branch-rate="0" complexity="0" line-count="2" line-hits="1">
					<methods>
						<method name="expressionNode" signature="" line-rate="NaN" branch-rate="0" complexity="0" line-count="0" line-hits="0">
							<lines></lines>
						</method>
						<method name="TokenLiteral" signature="" line-rate="0" branch-rate="0" complexity="0" line-count="0" line-hits="0">
							<lines>
								<line number="170" hits="0"></line>
							</lines>
						</method>
						<method name="String" signature="" line-rate="1" branch-rate="0" complexity="0" line-count="0" line-hits="0">
							<lines>
								<line number="174" hits="5"></line>
							</lines>
						</method>
					</methods>
					<lines>
						<line number="170" hits="0"></line>
						<line number="174" hits="5"></line>
					</lines>
				</class>
				<class name="ExpressionStatement" filename="pkg/interpreter/ast/ast.go" line-rate="0.5" branch-rate="0" complexity="0" line-count="4" line-hits="2">
					<methods>
						<method name="statementNode" signature="" line-rate="NaN" branch-rate="0" complexity="0" line-count="0" line-hits="0">
							<lines></lines>
						</method>
						<method name="TokenLiteral" signature="" line-rate="0" branch-rate="0" complexity="0" line-count="0" line-hits="0">
							<lines>
								<line number="254" hits="0"></line>
							</lines>
						</method>
						<method name="String" signature="" line-rate="0.6666667" branch-rate="0" complexity="0" line-count="0" line-hits="0">
							<lines>
								<line number="258" hits="2"></line>
								<line number="259" hits="2"></line>
								<line number="262" hits="0"></line>
							</lines>
						</method>
					</methods>
					<lines>
						<line number="254" hits="0"></line>
						<line number="258" hits="2"></line>
						<line number="259" hits="2"></line>
						<line number="262" hits="0"></line>
					</lines>
				</class>
				<class name="IntegerLiteral" filename="pkg/interpreter/ast/ast.go" line-rate="0.5" branch-rate="0" complexity="0" line-count="2" line-hits="1">
					<methods>
						<method name="expressionNode" signature="" line-rate="NaN" branch-rate="0" complexity="0" line-count="0" line-hits="0">
							<lines></lines>
						</method>
						<method name="TokenLiteral" signature="" line-rate="0" branch-rate="0" complexity="0" line-count="0" line-hits="0">
							<lines>
								<line number="360" hits="0"></line>
							</lines>
						</method>
						<method name="String" signature="" line-rate="1" branch-rate="0" complexity="0" line-count="0" line-hits="0">
							<lines>
								<line number="364" hits="3"></line>
							</lines>
						</method>
					</methods>
					<lines>
						<line number="360" hits="0"></line>
						<line number="364" hits="3"></line>
					</lines>
				</class>
				<class name="IndexExpression" filename="pkg/interpreter/ast/ast.go" line-rate="0" branch-rate="0" complexity="0" line-count="9" line-hits="0">
					<methods>
						<method name="expressionNode" signature="" line-rate="NaN" branch-rate="0" complexity="0" line-count="0" line-hits="0">
							<lines></lines>
						</method>
						<method name="TokenLiteral" signature="" line-rate="0" branch-rate="0" complexity="0" line-count="0" line-hits="0">
							<lines>
								<line number="490" hits="0"></line>
							</lines>
						</method>
						<method name="String" signature="" line-rate="0" branch-rate="0" complexity="0" line-count="0" line-hits="0">
							<lines>
								<line number="494" hits="0"></line>
								<line number="496" hits="0"></line>
								<line number="497" hits="0"></line>
								<line number="498" hits="0"></line>
								<line number="499" hits="0"></line>
								<line number="500" hits="0"></line>
								<line number="501" hits="0"></line>
								<line number="503" hits="0"></line>
							</lines>
						</method>
					</methods>
					<lines>
						<line number="490" hits="0"></line>
						<line number="494" hits="0"></line>
						<line number="496" hits="0"></line>
						<line number="497" hits="0"></line>
						<line number="498" hits="0"></line>
						<line number="499" hits="0"></line>
						<line number="500" hits="0"></line>
						<line number="501" hits="0"></line>
						<line number="503" hits="0"></line>
					</lines>
				</class>
				<class name="ReturnStatement" filename="pkg/interpreter/ast/ast.go" line-rate="1" branch-rate="0" complexity="0" line-count="7" line-hits="7">
					<methods>
						<method name="statementNode" signature="" line-rate="NaN" branch-rate="0" complexity="0" line-count="0" line-hits="0">
							<lines></lines>
						</method>
						<method name="TokenLiteral" signature="" line-rate="1" branch-rate="0" complexity="0" line-count="0" line-hits="0">
							<lines>
								<line number="233" hits="2"></line>
							</lines>
						</method>
						<method name="String" signature="" line-rate="1" branch-rate="0" complexity="0" line-count="0" line-hits="0">
							<lines>
								<line number="237" hits="2"></line>
								<line number="239" hits="2"></line>
								<line number="241" hits="2"></line>
								<line number="242" hits="2"></line>
								<line number="244" hits="2"></line>
								<line number="245" hits="2"></line>
							</lines>
						</method>
					</methods>
					<lines>
						<line number="233" hits="2"></line>
						<line number="237" hits="2"></line>
						<line number="239" hits="2"></line>
						<line number="241" hits="2"></line>
						<line number="242" hits="2"></line>
						<line number="244" hits="2"></line>
						<line number="245" hits="2"></line>
					</lines>
				</class>
				<class name="BlockStatement" filename="pkg/interpreter/ast/ast.go" line-rate="0" branch-rate="0" complexity="0" line-count="5" line-hits="0">
					<methods>
						<method name="statementNode" signature="" line-rate="NaN" branch-rate="0" complexity="0" line-count="0" line-hits="0">
							<lines></lines>
						</method>
						<method name="TokenLiteral" signature="" line-rate="0" branch-rate="0" complexity="0" line-count="0" line-hits="0">
							<lines>
								<line number="271" hits="0"></line>
							</lines>
						</method>
						<method name="String" signature="" line-rate="0" branch-rate="0" complexity="0" line-count="0" line-hits="0">
							<lines>
								<line number="275" hits="0"></line>
								<line number="277" hits="0"></line>
								<line number="278" hits="0"></line>
								<line number="281" hits="0"></line>
							</lines>
						</method>
					</methods>
					<lines>
						<line number="271" hits="0"></line>
						<line number="275" hits="0"></line>
						<line number="277" hits="0"></line>
						<line number="278" hits="0"></line>
						<line number="281" hits="0"></line>
					</lines>
				</class>
				<class name="FunctionLiteral" filename="pkg/interpreter/ast/ast.go" line-rate="0" branch-rate="0" complexity="0" line-count="11" line-hits="0">
					<methods>
						<method name="expressionNode" signature="" line-rate="NaN" branch-rate="0" complexity="0" line-count="0" line-hits="0">
							<lines></lines>
						</method>
						<method name="TokenLiteral" signature="" line-rate="0" branch-rate="0" complexity="0" line-count="0" line-hits="0">
							<lines>
								<line number="290" hits="0"></line>
							</lines>
						</method>
						<method name="String" signature="" line-rate="0" branch-rate="0" complexity="0" line-count="0" line-hits="0">
							<lines>
								<line number="294" hits="0"></line>
								<line number="296" hits="0"></line>
								<line number="297" hits="0"></line>
								<line number="298" hits="0"></line>
								<line number="301" hits="0"></line>
								<line number="302" hits="0"></line>
								<line number="303" hits="0"></line>
								<line number="304" hits="0"></line>
								<line number="305" hits="0"></line>
								<line number="307" hits="0"></line>
							</lines>
						</method>
					</methods>
					<lines>
						<line number="290" hits="0"></line>
						<line number="294" hits="0"></line>
						<line number="296" hits="0"></line>
						<line number="297" hits="0"></line>
						<line number="298" hits="0"></line>
						<line number="301" hits="0"></line>
						<line number="302" hits="0"></line>
						<line number="303" hits="0"></line>
						<line number="304" hits="0"></line>
						<line number="305" hits="0"></line>
						<line number="307" hits="0"></line>
					</lines>
				</class>
				<class name="ArrayLiteral" filename="pkg/interpreter/ast/ast.go" line-rate="0" branch-rate="0" complexity="0" line-count="9" line-hits="0">
					<methods>
						<method name="expressionNode" signature="" line-rate="NaN" branch-rate="0" complexity="0" line-count="0" line-hits="0">
							<lines></lines>
						</method>
						<method name="TokenLiteral" signature="" line-rate="0" branch-rate="0" complexity="0" line-count="0" line-hits="0">
							<lines>
								<line number="316" hits="0"></line>
							</lines>
						</method>
						<method name="String" signature="" line-rate="0" branch-rate="0" complexity="0" line-count="0" line-hits="0">
							<lines>
								<line number="320" hits="0"></line>
								<line number="321" hits="0"></line>
								<line number="322" hits="0"></line>
								<line number="323" hits="0"></line>
								<line number="325" hits="0"></line>
								<line number="326" hits="0"></line>
								<line number="327" hits="0"></line>
								<line number="328" hits="0"></line>
							</lines>
						</method>
					</methods>
					<lines>
						<line number="316" hits="0"></line>
						<line number="320" hits="0"></line>
						<line number="321" hits="0"></line>
						<line number="322" hits="0"></line>
						<line number="323" hits="0"></line>
						<line number="325" hits="0"></line>
						<line number="326" hits="0"></line>
						<line number="327" hits="0"></line>
						<line number="328" hits="0"></line>
					</lines>
				</class>
				<class name="Program" filename="pkg/interpreter/ast/ast.go" line-rate="0.5714286" branch-rate="0" complexity="0" line-count="7" line-hits="4">
					<methods>
						<method name="TokenLiteral" signature="" line-rate="0" branch-rate="0" complexity="0" line-count="0" line-hits="0">
							<lines>
								<line number="147" hits="0"></line>
								<line number="148" hits="0"></line>
								<line number="151" hits="0"></line>
							</lines>
						</method>
						<method name="String" signature="" line-rate="1" branch-rate="0" complexity="0" line-count="0" line-hits="0">
							<lines>
								<line number="155" hits="7"></line>
								<line number="157" hits="7"></line>
								<line number="158" hits="7"></line>
								<line number="161" hits="7"></line>
							</lines>
						</method>
					</methods>
					<lines>
						<line number="147" hits="0"></line>
						<line number="148" hits="0"></line>
						<line number="151" hits="0"></line>
						<line number="155" hits="7"></line>
						<line number="157" hits="7"></line>
						<line number="158" hits="7"></line>
						<line number="161" hits="7"></line>
					</lines>
				</class>
				<class name="SetStatement" filename="pkg/interpreter/ast/ast.go" line-rate="1" branch-rate="0" complexity="0" line-count="11" line-hits="11">
					<methods>
						<method name="TokenLiteral" signature="" line-rate="1" branch-rate="0" complexity="0" line-count="0" line-hits="0">
							<lines>
								<line number="198" hits="1"></line>
							</lines>
						</method>
						<method name="statementNode" signature="" line-rate="NaN" branch-rate="0" complexity="0" line-count="0" line-hits="0">
							<lines></lines>
						</method>
						<method name="String" signature="" line-rate="1" branch-rate="0" complexity="0" line-count="0" line-hits="0">
							<lines>
								<line number="206" hits="1"></line>
								<line number="208" hits="1"></line>
								<line number="209" hits="1"></line>
								<line number="210" hits="1"></line>
								<line number="212" hits="1"></line>
								<line number="213" hits="1"></line>
								<line number="214" hits="1"></line>
								<line number="215" hits="1"></line>
								<line number="218" hits="1"></line>
								<line number="219" hits="1"></line>
							</lines>
						</method>
					</methods>
					<lines>
						<line number="198" hits="1"></line>
						<line number="206" hits="1"></line>
						<line number="208" hits="1"></line>
						<line number="209" hits="1"></line>
						<line number="210" hits="1"></line>
						<line number="212" hits="1"></line>
						<line number="213" hits="1"></line>
						<line number="214" hits="1"></line>
						<line number="215" hits="1"></line>
						<line number="218" hits="1"></line>
						<line number="219" hits="1"></line>
					</lines>
				</class>
				<class name="InfixExpression" filename="pkg/interpreter/ast/ast.go" line-rate="0" branch-rate="0" complexity="0" line-count="8" line-hits="0">
					<methods>
						<method name="expressionNode" signature="" line-rate="NaN" branch-rate="0" complexity="0" line-count="0" line-hits="0">
							<lines></lines>
						</method>
						<method name="TokenLiteral" signature="" line-rate="0" branch-rate="0" complexity="0" line-count="0" line-hits="0">
							<lines>
								<line number="419" hits="0"></line>
							</lines>
						</method>
						<method name="String" signature="" line-rate="0" branch-rate="0" complexity="0" line-count="0" line-hits="0">
							<lines>
								<line number="423" hits="0"></line>
								<line number="425" hits="0"></line>
								<line number="426" hits="0"></line>
								<line number="427" hits="0"></line>
								<line number="428" hits="0"></line>
								<line number="429" hits="0"></line>
								<line number="431" hits="0"></line>
							</lines>
						</method>
					</methods>
					<lines>
						<line number="419" hits="0"></line>
						<line number="423" hits="0"></line>
						<line number="425" hits="0"></line>
						<line number="426" hits="0"></line>
						<line number="427" hits="0"></line>
						<line number="428" hits="0"></line>
						<line number="429" hits="0"></line>
						<line number="431" hits="0"></line>
					</lines>
				</class>
				<class name="LetStatement" filename="pkg/interpreter/ast/ast.go" line-rate="1" branch-rate="0" complexity="0" line-count="9" line-hits="9">
					<methods>
						<method name="statementNode" signature="" line-rate="NaN" branch-rate="0" complexity="0" line-count="0" line-hits="0">
							<lines></lines>
						</method>
						<method name="String" signature="" line-rate="1" branch-rate="0" complexity="0" line-count="0" line-hits="0">
							<lines>
								<line number="182" hits="2"></line>
								<line number="184" hits="2"></line>
								<line number="185" hits="2"></line>
								<line number="186" hits="2"></line>
								<line number="188" hits="2"></line>
								<line number="189" hits="2"></line>
								<line number="192" hits="2"></line>
								<line number="193" hits="2"></line>
							</lines>
						</method>
						<method name="TokenLiteral" signature="" line-rate="1" branch-rate="0" complexity="0" line-count="0" line-hits="0">
							<lines>
								<line number="224" hits="2"></line>
							</lines>
						</method>
					</methods>
					<lines>
						<line number="182" hits="2"></line>
						<line number="184" hits="2"></line>
						<line number="185" hits="2"></line>
						<line number="186" hits="2"></line>
						<line number="188" hits="2"></line>
						<line number="189" hits="2"></line>
						<line number="192" hits="2"></line>
						<line number="193" hits="2"></line>
						<line number="224" hits="2"></line>
					</lines>
				</class>
				<class name="PrefixExpression" filename="pkg/interpreter/ast/ast.go" line-rate="0.85714287" branch-rate="0" complexity="0" line-count="7" line-hits="6">
					<methods>
						<method name="expressionNode" signature="" line-rate="NaN" branch-rate="0" complexity="0" line-count="0" line-hits="0">
							<lines></lines>
						</method>
						<method name="TokenLiteral" signature="" line-rate="0" branch-rate="0" complexity="0" line-count="0" line-hits="0">
							<lines>
								<line number="399" hits="0"></line>
							</lines>
						</method>
						<method name="String" signature="" line-rate="1" branch-rate="0" complexity="0" line-count="0" line-hits="0">
							<lines>
								<line number="403" hits="2"></line>
								<line number="405" hits="2"></line>
								<line number="406" hits="2"></line>
								<line number="407" hits="2"></line>
								<line number="408" hits="2"></line>
								<line number="410" hits="2"></line>
							</lines>
						</method>
					</methods>
					<lines>
						<line number="399" hits="0"></line>
						<line number="403" hits="2"></line>
						<line number="405" hits="2"></line>
						<line number="406" hits="2"></line>
						<line number="407" hits="2"></line>
						<line number="408" hits="2"></line>
						<line number="410" hits="2"></line>
					</lines>
				</class>
			</classes>
		</package>
		<package name="github.com/TurnsCoffeeIntoScripts/git-log-issue-finder/pkg/interpreter/evaluator" line-rate="0.5645161" branch-rate="0" complexity="0" line-count="372" line-hits="210">
			<classes>
				<class name="-" filename="pkg/interpreter/evaluator/builtins.go" line-rate="0.2" branch-rate="0" complexity="0" line-count="175" line-hits="35">
					<methods>
						<method name="@15:7" signature="" line-rate="1" branch-rate="0" complexity="0" line-count="0" line-hits="0">
							<lines>
								<line number="16" hits="8"></line>
								<line number="17" hits="1"></line>
								<line number="20" hits="7"></line>
								<line number="22" hits="3"></line>
								<line number="24" hits="3"></line>
								<line number="26" hits="1"></line>
							</lines>
						</method>
						<method name="@31:7" signature="" line-rate="1" branch-rate="0" complexity="0" line-count="0" line-hits="0">
							<lines>
								<line number="32" hits="6"></line>
								<line number="33" hits="1"></line>
								<line number="36" hits="5"></line>
								<line number="37" hits="1"></line>
								<line number="40" hits="4"></line>
								<line number="41" hits="4"></line>
								<line number="42" hits="3"></line>
								<line number="45" hits="1"></line>
							</lines>
						</method>
						<method name="@49:7" signature="" line-rate="1" branch-rate="0" complexity="0" line-count="0" line-hits="0">
							<lines>
								<line number="50" hits="6"></line>
								<line number="51" hits="1"></line>
								<line number="54" hits="5"></line>
								<line number="55" hits="1"></line>
								<line number="59" hits="4"></line>
								<line number="60" hits="4"></line>
								<line number="61" hits="4"></line>
								<line number="62" hits="3"></line>
								<line number="65" hits="1"></line>
							</lines>
						</method>
						<method name="@69:7" signature="" line-rate="0" branch-rate="0" complexity="0" line-count="0" line-hits="0">
							<lines>
								<line number="70" hits="0"></line>
								<line number="71" hits="0"></line>
								<line number="75" hits="0"></line>
								<line number="76" hits="0"></line>
								<line number="80" hits="0"></line>
								<line number="81" hits="0"></line>
								<line number="82" hits="0"></line>
								<line number="83" hits="0"></line>
								<line number="84" hits="0"></line>
								<line number="85" hits="0"></line>
								<line number="88" hits="0"></line>
							</lines>
						</method>
						<method name="@92:7" signature="" line-rate="1" branch-rate="0" complexity="0" line-count="0" line-hits="0">
							<lines>
								<line number="93" hits="6"></line>
								<line number="94" hits="1"></line>
								<line number="98" hits="5"></line>
								<line number="99" hits="1"></line>
								<line number="103" hits="4"></line>
								<line number="104" hits="4"></line>
								<line number="105" hits="4"></line>
								<line number="106" hits="4"></line>
								<line number="107" hits="4"></line>
								<line number="108" hits="4"></line>
							</lines>
						</method>
						<method name="@112:7" signature="" line-rate="0" branch-rate="0" complexity="0" line-count="0" line-hits="0">
							<lines>
								<line number="113" hits="0"></line>
								<line number="114" hits="0"></line>
								<line number="117" hits="0"></line>
							</lines>
						</method>
						<method name="@121:7" signature="" line-rate="0" branch-rate="0" complexity="0" line-count="0" line-hits="0">
							<lines>
								<line number="122" hits="0"></line>
								<line number="123" hits="0"></line>
								<line number="126" hits="0"></line>
								<line number="127" hits="0"></line>
								<line number="128" hits="0"></line>
								<line number="130" hits="0"></line>
							</lines>
						</method>
						<method name="@136:7" signature="" line-rate="0.6666667" branch-rate="0" complexity="0" line-count="0" line-hits="0">
							<lines>
								<line number="137" hits="2"></line>
								<line number="138" hits="0"></line>
								<line number="141" hits="2"></line>
							</lines>
						</method>
						<method name="@147:7" signature="" line-rate="0" branch-rate="0" complexity="0" line-count="0" line-hits="0">
							<lines>
								<line number="148" hits="0"></line>
								<line number="149" hits="0"></line>
								<line number="152" hits="0"></line>
								<line number="153" hits="0"></line>
								<line number="154" hits="0"></line>
								<line number="157" hits="0"></line>
								<line number="158" hits="0"></line>
								<line number="159" hits="0"></line>
								<line number="162" hits="0"></line>
								<line number="163" hits="0"></line>
								<line number="164" hits="0"></line>
								<line number="166" hits="0"></line>
								<line number="167" hits="0"></line>
								<line number="168" hits="0"></line>
								<line number="169" hits="0"></line>
								<line number="170" hits="0"></line>
								<line number="171" hits="0"></line>
								<line number="172" hits="0"></line>
								<line number="173" hits="0"></line>
								<line number="175" hits="0"></line>
								<line number="179" hits="0"></line>
								<line number="181" hits="0"></line>
								<line number="182" hits="0"></line>
								<line number="185" hits="0"></line>
							</lines>
						</method>
						<method name="@189:7" signature="" line-rate="0" branch-rate="0" complexity="0" line-count="0" line-hits="0">
							<lines>
								<line number="190" hits="0"></line>
								<line number="191" hits="0"></line>
								<line number="194" hits="0"></line>
								<line number="195" hits="0"></line>
								<line number="196" hits="0"></line>
								<line number="199" hits="0"></line>
								<line number="200" hits="0"></line>
								<line number="201" hits="0"></line>
								<line number="204" hits="0"></line>
								<line number="205" hits="0"></line>
								<line number="206" hits="0"></line>
								<line number="209" hits="0"></line>
								<line number="210" hits="0"></line>
								<line number="211" hits="0"></line>
							</lines>
						</method>
						<method name="@215:7" signature="" line-rate="0" branch-rate="0" complexity="0" line-count="0" line-hits="0">
							<lines>
								<line number="216" hits="0"></line>
								<line number="217" hits="0"></line>
								<line number="220" hits="0"></line>
								<line number="221" hits="0"></line>
								<line number="222" hits="0"></line>
								<line number="225" hits="0"></line>
								<line number="226" hits="0"></line>
								<line number="227" hits="0"></line>
								<line number="230" hits="0"></line>
								<line number="231" hits="0"></line>
								<line number="232" hits="0"></line>
								<line number="235" hits="0"></line>
								<line number="236" hits="0"></line>
								<line number="237" hits="0"></line>
							</lines>
						</method>
						<method name="@241:7" signature="" line-rate="0" branch-rate="0" complexity="0" line-count="0" line-hits="0">
							<lines>
								<line number="242" hits="0"></line>
								<line number="243" hits="0"></line>
								<line number="246" hits="0"></line>
								<line number="247" hits="0"></line>
								<line number="248" hits="0"></line>
								<line number="251" hits="0"></line>
								<line number="252" hits="0"></line>
								<line number="253" hits="0"></line>
								<line number="256" hits="0"></line>
								<line number="257" hits="0"></line>
								<line number="258" hits="0"></line>
								<line number="261" hits="0"></line>
								<line number="262" hits="0"></line>
								<line number="263" hits="0"></line>
								<line number="269" hits="0"></line>
								<line number="270" hits="0"></line>
								<line number="271" hits="0"></line>
								<line number="272" hits="0"></line>
								<line number="278" hits="0"></line>
								<line number="279" hits="0"></line>
								<line number="280" hits="0"></line>
								<line number="281" hits="0"></line>
								<line number="284" hits="0"></line>
								<line number="289" hits="0"></line>
								<line number="290" hits="0"></line>
								<line number="292" hits="0"></line>
								<line number="297" hits="0"></line>
								<line number="305" hits="0"></line>
								<line number="306" hits="0"></line>
								<line number="307" hits="0"></line>
								<line number="308" hits="0"></line>
								<line number="309" hits="0"></line>
								<line number="310" hits="0"></line>
								<line number="311" hits="0"></line>
								<line number="312" hits="0"></line>
								<line number="316" hits="0"></line>
								<line number="317" hits="0"></line>
								<line number="321" hits="0"></line>
								<line number="322" hits="0"></line>
								<line number="329" hits="0"></line>
								<line number="330" hits="0"></line>
								<line number="331" hits="0"></line>
								<line number="332" hits="0"></line>
								<line number="336" hits="0"></line>
								<line number="337" hits="0"></line>
								<line number="339" hits="0"></line>
							</lines>
						</method>
						<method name="@292:25" signature="" line-rate="0" branch-rate="0" complexity="0" line-count="0" line-hits="0">
							<lines>
								<line number="293" hits="0"></line>
								<line number="294" hits="0"></line>
							</lines>
						</method>
						<method name="@297:23" signature="" line-rate="0" branch-rate="0" complexity="0" line-count="0" line-hits="0">
							<lines>
								<line number="298" hits="0"></line>
								<line number="299" hits="0"></line>
							</lines>
						</method>
						<method name="tickets" signature="" line-rate="0" branch-rate="0" complexity="0" line-count="0" line-hits="0">
							<lines>
								<line number="347" hits="0"></line>
								<line number="348" hits="0"></line>
								<line number="349" hits="0"></line>
								<line number="351" hits="0"></line>
								<line number="353" hits="0"></line>
								<line number="355" hits="0"></line>
								<line number="357" hits="0"></line>
								<line number="359" hits="0"></line>
								<line number="360" hits="0"></line>
								<line number="363" hits="0"></line>
							</lines>
						</method>
						<method name="unique" signature="" line-rate="0" branch-rate="0" complexity="0" line-count="0" line-hits="0">
							<lines>
								<line number="367" hits="0"></line>
								<line number="368" hits="0"></line>
								<line number="370" hits="0"></line>
								<line number="371" hits="0"></line>
								<line number="372" hits="0"></line>
								<line number="373" hits="0"></line>
								<line number="377" hits="0"></line>
							</lines>
						</method>
					</methods>
					<lines>
						<line number="16" hits="8"></line>
						<line number="17" hits="1"></line>
						<line number="20" hits="7"></line>
						<line number="22" hits="3"></line>
						<line number="24" hits="3"></line>
						<line number="26" hits="1"></line>
						<line number="32" hits="6"></line>
						<line number="33" hits="1"></line>
						<line number="36" hits="5"></line>
						<line number="37" hits="1"></line>
						<line number="40" hits="4"></line>
						<line number="41" hits="4"></line>
						<line number="42" hits="3"></line>
						<line number="45" hits="1"></line>
						<line number="50" hits="6"></line>
						<line number="51" hits="1"></line>
						<line number="54" hits="5"></line>
						<line number="55" hits="1"></line>
						<line number="59" hits="4"></line>
						<line number="60" hits="4"></line>
						<line number="61" hits="4"></line>
						<line number="62" hits="3"></line>
						<line number="65" hits="1"></line>
						<line number="70" hits="0"></line>
						<line number="71" hits="0"></line>
						<line number="75" hits="0"></line>
						<line number="76" hits="0"></line>
						<line number="80" hits="0"></line>
						<line number="81" hits="0"></line>
						<line number="82" hits="0"></line>
						<line number="83" hits="0"></line>
						<line number="84" hits="0"></line>
						<line number="85" hits="0"></line>
						<line number="88" hits="0"></line>
						<line number="93" hits="6"></line>
						<line number="94" hits="1"></line>
						<line number="98" hits="5"></line>
						<line number="99" hits="1"></line>
						<line number="103" hits="4"></line>
						<line number="104" hits="4"></line>
						<line number="105" hits="4"></line>
						<line number="106" hits="4"></line>
						<line number="107" hits="4"></line>
						<line number="108" hits="4"></line>
						<line number="113" hits="0"></line>
						<line number="114" hits="0"></line>
						<line number="117" hits="0"></line>
						<line number="122" hits="0"></line>
						<line number="123" hits="0"></line>
						<line number="126" hits="0"></line>
						<line number="127" hits="0"></line>
						<line number="128" hits="0"></line>
						<line number="130" hits="0"></line>
						<line number="137" hits="2"></line>
						<line number="138" hits="0"></line>
						<line number="141" hits="2"></line>
						<line number="148" hits="0"></line>
						<line number="149" hits="0"></line>
						<line number="152" hits="0"></line>
						<line number="153" hits="0"></line>
						<line number="154" hits="0"></line>
						<line number="157" hits="0"></line>
						<line number="158" hits="0"></line>
						<line number="159" hits="0"></line>
						<line number="162" hits="0"></line>
						<line number="163" hits="0"></line>
						<line number="164" hits="0"></line>
						<line number="166" hits="0"></line>
						<line number="167" hits="0"></line>
						<line number="168" hits="0"></line>
						<line number="169" hits="0"></line>
						<line number="170" hits="0"></line>
						<line number="171" hits="0"></line>
						<line number="172" hits="0"></line>
						<line number="173" hits="0"></line>
						<line number="175" hits="0"></line>
						<line number="179" hits="0"></line>
						<line number="181" hits="0"></line>
						<line number="182" hits="0"></line>
						<line number="185" hits="0"></line>
						<line number="190" hits="0"></line>
						<line number="191" hits="0"></line>
						<line number="194" hits="0"></line>
						<line number="195" hits="0"></line>
						<line number="196" hits="0"></line>
						<line number="199" hits="0"></line>
						<line number="200" hits="0"></line>
						<line number="201" hits="0"></line>
						<line number="204" hits="0"></line>
						<line number="205" hits="0"></line>
						<line number="206" hits="0"></line>
						<line number="209" hits="0"></line>
						<line number="210" hits="0"></line>
						<line number="211" hits="0"></line>
						<line number="216" hits="0"></line>
						<line number="217" hits="0"></line>
						<line number="220" hits="0"></line>
						<line number="221" hits="0"></line>
						<line number="222" hits="0"></line>
						<line number="225" hits="0"></line>
						<line number="226" hits="0"></line>
						<line number="227" hits="0"></line>
						<line number="230" hits="0"></line>
						<line number="231" hits="0"></line>
						<line number="232" hits="0"></line>
						<line number="235" hits="0"></line>
						<line number="236" hits="0"></line>
						<line number="237" hits="0"></line>
						<line number="242" hits="0"></line>
						<line number="243" hits="0"></line>
						<line number="246" hits="0"></line>
						<line number="247" hits="0"></line>
						<line number="248" hits="0"></line>
						<line number="251" hits="0"></line>
						<line number="252" hits="0"></line>
						<line number="253" hits="0"></line>
						<line number="256" hits="0"></line>
						<line number="257" hits="0"></line>
						<line number="258" hits="0"></line>
						<line number="261" hits="0"></line>
						<line number="262" hits="0"></line>
						<line number="263" hits="0"></line>
						<line number="269" hits="0"></line>
						<line number="270" hits="0"></line>
						<line number="271" hits="0"></line>
						<line number="272" hits="0"></line>
						<line number="278" hits="0"></line>
						<line number="279" hits="0"></line>
						<line number="280" hits="0"></line>
						<line number="281" hits="0"></line>
						<line number="284" hits="0"></line>
						<line number="289" hits="0"></line>
						<line number="290" hits="0"></line>
						<line number="292" hits="0"></line>
						<line number="297" hits="0"></line>
						<line number="305" hits="0"></line>
						<line number="306" hits="0"></line>
						<line number="307" hits="0"></line>
						<line number="308" hits="0"></line>
						<line number="309" hits="0"></line>
						<line number="310" hits="0"></line>
						<line number="311" hits="0"></line>
						<line number="312" hits="0"></line>
						<line number="316" hits="0"></line>
						<line number="317" hits="0"></line>
						<line number="321" hits="0"></line>
						<line number="322" hits="0"></line>
						<line number="329" hits="0"></line>
						<line number="330" hits="0"></line>
						<line number="331" hits="0"></line>
						<line number="332" hits="0"></line>
						<line number="336" hits="0"></line>
						<line number="337" hits="0"></line>
						<line number="339" hits="0"></line>
						<line number="293" hits="0"></line>
						<line number="294" hits="0"></line>
						<line number="298" hits="0"></line>
						<line number="299" hits="0"></line>
						<line number="347" hits="0"></line>
						<line number="348" hits="0"></line>
						<line number="349" hits="0"></line>
						<line number="351" hits="0"></line>
						<line number="353" hits="0"></line>
						<line number="355" hits="0"></line>
						<line number="357" hits="0"></line>
						<line number="359" hits="0"></line>
						<line number="360" hits="0"></line>
						<line number="363" hits="0"></line>
						<line number="367" hits="0"></line>
						<line number="368" hits="0"></line>
						<line number="370" hits="0"></line>
						<line number="371" hits="0"></line>
						<line number="372" hits="0"></line>
						<line number="373" hits="0"></line>
						<line number="377" hits="0"></line>
					</lines>
				</class>
				<class name="-" filename="pkg/interpreter/evaluator/evaluator.go" line-rate="0.88832486" branch-rate="0" complexity="0" line-count="197" line-hits="175">
					<methods>
						<method name="Eval" signature="" line-rate="0.8181818" branch-rate="0" complexity="0" line-count="0" line-hits="0">
							<lines>
								<line number="24" hits="931"></line>
								<line number="27" hits="125"></line>
								<line number="29" hits="140"></line>
								<line number="31" hits="19"></line>
								<line number="33" hits="7"></line>
								<line number="34" hits="7"></line>
								<line number="35" hits="1"></line>
								<line number="37" hits="6"></line>
								<line number="39" hits="24"></line>
								<line number="40" hits="24"></line>
								<line number="41" hits="0"></line>
								<line number="43" hits="24"></line>
								<line number="45" hits="2"></line>
								<line number="46" hits="2"></line>
								<line number="47" hits="0"></line>
								<line number="49" hits="2"></line>
								<line number="53" hits="238"></line>
								<line number="55" hits="32"></line>
								<line number="57" hits="39"></line>
								<line number="59" hits="17"></line>
								<line number="60" hits="17"></line>
								<line number="61" hits="0"></line>
								<line number="63" hits="17"></line>
								<line number="65" hits="94"></line>
								<line number="66" hits="94"></line>
								<line number="67" hits="0"></line>
								<line number="70" hits="94"></line>
								<line number="71" hits="94"></line>
								<line number="72" hits="0"></line>
								<line number="75" hits="94"></line>
								<line number="77" hits="12"></line>
								<line number="79" hits="10"></line>
								<line number="80" hits="10"></line>
								<line number="81" hits="10"></line>
								<line number="83" hits="37"></line>
								<line number="84" hits="37"></line>
								<line number="85" hits="0"></line>
								<line number="88" hits="37"></line>
								<line number="89" hits="37"></line>
								<line number="90" hits="0"></line>
								<line number="93" hits="37"></line>
								<line number="95" hits="31"></line>
								<line number="96" hits="31"></line>
								<line number="97" hits="0"></line>
								<line number="100" hits="31"></line>
								<line number="102" hits="9"></line>
								<line number="104" hits="25"></line>
								<line number="105" hits="25"></line>
								<line number="106" hits="0"></line>
								<line number="109" hits="25"></line>
								<line number="110" hits="25"></line>
								<line number="111" hits="0"></line>
								<line number="114" hits="25"></line>
								<line number="118" hits="70"></line>
								<line number="121" hits="26"></line>
							</lines>
						</method>
						<method name="evalProgram" signature="" line-rate="1" branch-rate="0" complexity="0" line-count="0" line-hits="0">
							<lines>
								<line number="125" hits="125"></line>
								<line number="127" hits="125"></line>
								<line number="128" hits="154"></line>
								<line number="130" hits="154"></line>
								<line number="132" hits="5"></line>
								<line number="134" hits="18"></line>
								<line number="138" hits="102"></line>
							</lines>
						</method>
						<method name="evalBlockStatement" signature="" line-rate="1" branch-rate="0" complexity="0" line-count="0" line-hits="0">
							<lines>
								<line number="142" hits="19"></line>
								<line number="144" hits="19"></line>
								<line number="145" hits="19"></line>
								<line number="147" hits="19"></line>
								<line number="148" hits="19"></line>
								<line number="149" hits="19"></line>
								<line number="150" hits="6"></line>
								<line number="155" hits="13"></line>
							</lines>
						</method>
						<method name="evalPrefixExpression" signature="" line-rate="0.75" branch-rate="0" complexity="0" line-count="0" line-hits="0">
							<lines>
								<line number="159" hits="17"></line>
								<line number="161" hits="9"></line>
								<line number="163" hits="8"></line>
								<line number="165" hits="0"></line>
							</lines>
						</method>
						<method name="evalInfixExpression" signature="" line-rate="1" branch-rate="0" complexity="0" line-count="0" line-hits="0">
							<lines>
								<line number="170" hits="94"></line>
								<line number="172" hits="73"></line>
								<line number="174" hits="6"></line>
								<line number="176" hits="7"></line>
								<line number="178" hits="2"></line>
								<line number="180" hits="2"></line>
								<line number="183" hits="4"></line>
							</lines>
						</method>
						<method name="evalBangOperatorExpression" signature="" line-rate="0.8" branch-rate="0" complexity="0" line-count="0" line-hits="0">
							<lines>
								<line number="189" hits="9"></line>
								<line number="191" hits="3"></line>
								<line number="193" hits="4"></line>
								<line number="195" hits="0"></line>
								<line number="197" hits="2"></line>
							</lines>
						</method>
						<method name="evalMinusPrefixOperatorExpression" signature="" line-rate="1" branch-rate="0" complexity="0" line-count="0" line-hits="0">
							<lines>
								<line number="202" hits="8"></line>
								<line number="203" hits="1"></line>
								<line number="206" hits="7"></line>
								<line number="207" hits="7"></line>
							</lines>
						</method>
						<method name="evalIntegerInfixExpression" signature="" line-rate="0.9166667" branch-rate="0" complexity="0" line-count="0" line-hits="0">
							<lines>
								<line number="211" hits="73"></line>
								<line number="212" hits="73"></line>
								<line number="214" hits="73"></line>
								<line number="216" hits="27"></line>
								<line number="218" hits="2"></line>
								<line number="220" hits="20"></line>
								<line number="222" hits="3"></line>
								<line number="224" hits="6"></line>
								<line number="226" hits="11"></line>
								<line number="228" hits="2"></line>
								<line number="230" hits="2"></line>
								<line number="232" hits="0"></line>
							</lines>
						</method>
						<method name="evalStringInfixExpression" signature="" line-rate="1" branch-rate="0" complexity="0" line-count="0" line-hits="0">
							<lines>
								<line number="238" hits="6"></line>
								<line number="240" hits="3"></line>
								<line number="241" hits="3"></line>
								<line number="242" hits="3"></line>
								<line number="244" hits="1"></line>
								<line number="245" hits="1"></line>
								<line number="246" hits="1"></line>
								<line number="248" hits="1"></line>
								<line number="249" hits="1"></line>
								<line number="250" hits="1"></line>
								<line number="252" hits="1"></line>
							</lines>
						</method>
						<method name="evalIfExpression" signature="" line-rate="0.875" branch-rate="0" complexity="0" line-count="0" line-hits="0">
							<lines>
								<line number="257" hits="12"></line>
								<line number="258" hits="12"></line>
								<line number="259" hits="0"></line>
								<line number="262" hits="12"></line>
								<line number="263" hits="9"></line>
								<line number="264" hits="3"></line>
								<line number="265" hits="1"></line>
								<line number="267" hits="2"></line>
							</lines>
						</method>
						<method name="evalIdentifier" signature="" line-rate="1" branch-rate="0" complexity="0" line-count="0" line-hits="0">
							<lines>
								<line number="272" hits="70"></line>
								<line number="273" hits="41"></line>
								<line number="276" hits="29"></line>
								<line number="277" hits="28"></line>
								<line number="280" hits="1"></line>
							</lines>
						</method>
						<method name="evalHashLiteral" signature="" line-rate="0.78571427" branch-rate="0" complexity="0" line-count="0" line-hits="0">
							<lines>
								<line number="284" hits="9"></line>
								<line number="286" hits="9"></line>
								<line number="287" hits="13"></line>
								<line number="288" hits="13"></line>
								<line number="289" hits="0"></line>
								<line number="292" hits="13"></line>
								<line number="293" hits="13"></line>
								<line number="294" hits="0"></line>
								<line number="297" hits="13"></line>
								<line number="298" hits="13"></line>
								<line number="299" hits="0"></line>
								<line number="302" hits="13"></line>
								<line number="303" hits="13"></line>
								<line number="306" hits="9"></line>
							</lines>
						</method>
						<method name="evalIndexExpression" signature="" line-rate="0.75" branch-rate="0" complexity="0" line-count="0" line-hits="0">
							<lines>
								<line number="310" hits="25"></line>
								<line number="312" hits="17"></line>
								<line number="314" hits="8"></line>
								<line number="316" hits="0"></line>
							</lines>
						</method>
						<method name="evalArrayIndexExpression" signature="" line-rate="1" branch-rate="0" complexity="0" line-count="0" line-hits="0">
							<lines>
								<line number="321" hits="17"></line>
								<line number="322" hits="17"></line>
								<line number="323" hits="17"></line>
								<line number="325" hits="17"></line>
								<line number="326" hits="2"></line>
								<line number="329" hits="15"></line>
							</lines>
						</method>
						<method name="evalHashIndexExpression" signature="" line-rate="1" branch-rate="0" complexity="0" line-count="0" line-hits="0">
							<lines>
								<line number="333" hits="8"></line>
								<line number="335" hits="8"></line>
								<line number="336" hits="8"></line>
								<line number="337" hits="1"></line>
								<line number="340" hits="7"></line>
								<line number="341" hits="7"></line>
								<line number="342" hits="2"></line>
								<line number="345" hits="5"></line>
							</lines>
						</method>
						<method name="evalExpressions" signature="" line-rate="0.85714287" branch-rate="0" complexity="0" line-count="0" line-hits="0">
							<lines>
								<line number="349" hits="68"></line>
								<line number="351" hits="68"></line>
								<line number="352" hits="111"></line>
								<line number="353" hits="111"></line>
								<line number="354" hits="0"></line>
								<line number="357" hits="111"></line>
								<line number="360" hits="68"></line>
							</lines>
						</method>
						<method name="applyFunction" signature="" line-rate="0.9230769" branch-rate="0" complexity="0" line-count="0" line-hits="0">
							<lines>
								<line number="364" hits="37"></line>
								<line number="366" hits="9"></line>
								<line number="367" hits="9"></line>
								<line number="368" hits="9"></line>
								<line number="370" hits="28"></line>
								<line number="371" hits="2"></line>
								<line number="372" hits="2"></line>
								<line number="373" hits="2"></line>
								<line number="374" hits="2"></line>
								<line number="375" hits="2"></line>
								<line number="376" hits="2"></line>
								<line number="379" hits="26"></line>
								<line number="381" hits="0"></line>
							</lines>
						</method>
						<method name="extendedFunctionEnv" signature="" line-rate="1" branch-rate="0" complexity="0" line-count="0" line-hits="0">
							<lines>
								<line number="386" hits="9"></line>
								<line number="388" hits="9"></line>
								<line number="389" hits="12"></line>
								<line number="392" hits="9"></line>
							</lines>
						</method>
						<method name="unwrapReturnValue" signature="" line-rate="1" branch-rate="0" complexity="0" line-count="0" line-hits="0">
							<lines>
								<line number="396" hits="9"></line>
								<line number="397" hits="1"></line>
								<line number="400" hits="8"></line>
							</lines>
						</method>
						<method name="nativeBoolToBooleanObject" signature="" line-rate="1" branch-rate="0" complexity="0" line-count="0" line-hits="0">
							<lines>
								<line number="404" hits="69"></line>
								<line number="405" hits="39"></line>
								<line number="408" hits="30"></line>
							</lines>
						</method>
						<method name="isTruthy" signature="" line-rate="0.8" branch-rate="0" complexity="0" line-count="0" line-hits="0">
							<lines>
								<line number="412" hits="12"></line>
								<line number="414" hits="0"></line>
								<line number="416" hits="8"></line>
								<line number="418" hits="3"></line>
								<line number="420" hits="1"></line>
							</lines>
						</method>
						<method name="isError" signature="" line-rate="0.6666667" branch-rate="0" complexity="0" line-count="0" line-hits="0">
							<lines>
								<line number="425" hits="503"></line>
								<line number="426" hits="503"></line>
								<line number="429" hits="0"></line>
							</lines>
						</method>
						<method name="newError" signature="" line-rate="1" branch-rate="0" complexity="0" line-count="0" line-hits="0">
							<lines>
								<line number="433" hits="18"></line>
							</lines>
						</method>
					</methods>
					<lines>
						<line number="24" hits="931"></line>
						<line number="27" hits="125"></line>
						<line number="29" hits="140"></line>
						<line number="31" hits="19"></line>
						<line number="33" hits="7"></line>
						<line number="34" hits="7"></line>
						<line number="35" hits="1"></line>
						<line number="37" hits="6"></line>
						<line number="39" hits="24"></line>
						<line number="40" hits="24"></line>
						<line number="41" hits="0"></line>
						<line number="43" hits="24"></line>
						<line number="45" hits="2"></line>
						<line number="46" hits="2"></line>
						<line number="47" hits="0"></line>
						<line number="49" hits="2"></line>
						<line number="53" hits="238"></line>
						<line number="55" hits="32"></line>
						<line number="57" hits="39"></line>
						<line number="59" hits="17"></line>
						<line number="60" hits="17"></line>
						<line number="61" hits="0"></line>
						<line number="63" hits="17"></line>
						<line number="65" hits="94"></line>
						<line number="66" hits="94"></line>
						<line number="67" hits="0"></line>
						<line number="70" hits="94"></line>
						<line number="71" hits="94"></line>
						<line number="72" hits="0"></line>
						<line number="75" hits="94"></line>
						<line number="77" hits="12"></line>
						<line number="79" hits="10"></line>
						<line number="80" hits="10"></line>
						<line number="81" hits="10"></line>
						<line number="83" hits="37"></line>
						<line number="84" hits="37"></line>
						<line number="85" hits="0"></line>
						<line number="88" hits="37"></line>
						<line number="89" hits="37"></line>
						<line number="90" hits="0"></line>
						<line number="93" hits="37"></line>
						<line number="95" hits="31"></line>
						<line number="96" hits="31"></line>
						<line number="97" hits="0"></line>
						<line number="100" hits="31"></line>
						<line number="102" hits="9"></line>
						<line number="104" hits="25"></line>
						<line number="105" hits="25"></line>
						<line number="106" hits="0"></line>
						<line number="109" hits="25"></line>
						<line number="110" hits="25"></line>
						<line number="111" hits="0"></line>
						<line number="114" hits="25"></line>
						<line number="118" hits="70"></line>
						<line number="121" hits="26"></line>
						<line number="125" hits="125"></line>
						<line number="127" hits="125"></line>
						<line number="128" hits="154"></line>
						<line number="130" hits="154"></line>
						<line number="132" hits="5"></line>
						<line number="134" hits="18"></line>
						<line number="138" hits="102"></line>
						<line number="142" hits="19"></line>
						<line number="144" hits="19"></line>
						<line number="145" hits="19"></line>
						<line number="147" hits="19"></line>
						<line number="148" hits="19"></line>
						<line number="149" hits="19"></line>
						<line number="150" hits="6"></line>
						<line number="155" hits="13"></line>
						<line number="159" hits="17"></line>
						<line number="161" hits="9"></line>
						<line number="163" hits="8"></line>
						<line number="165" hits="0"></line>
						<line number="170" hits="94"></line>
						<line number="172" hits="73"></line>
						<line number="174" hits="6"></line>
						<line number="176" hits="7"></line>
						<line number="178" hits="2"></line>
						<line number="180" hits="2"></line>
						<line number="183" hits="4"></line>
						<line number="189" hits="9"></line>
						<line number="191" hits="3"></line>
						<line number="193" hits="4"></line>
						<line number="195" hits="0"></line>
						<line number="197" hits="2"></line>
						<line number="202" hits="8"></line>
						<line number="203" hits="1"></line>
						<line number="206" hits="7"></line>
						<line number="207" hits="7"></line>
						<line number="211" hits="73"></line>
						<line number="212" hits="73"></line>
						<line number="214" hits="73"></line>
						<line number="216" hits="27"></line>
						<line number="218" hits="2"></line>
						<line number="220" hits="20"></line>
						<line number="222" hits="3"></line>
						<line number="224" hits="6"></line>
						<line number="226" hits="11"></line>
						<line number="228" hits="2"></line>
						<line number="230" hits="2"></line>
						<line number="232" hits="0"></line>
						<line number="238" hits="6"></line>
						<line number="240" hits="3"></line>
						<line number="241" hits="3"></line>
						<line number="242" hits="3"></line>
						<line number="244" hits="1"></line>
						<line number="245" hits="1"></line>
						<line number="246" hits="1"></line>
						<line number="248" hits="1"></line>
						<line number="249" hits="1"></line>
						<line number="250" hits="1"></line>
						<line number="252" hits="1"></line>
						<line number="257" hits="12"></line>
						<line number="258" hits="12"></line>
						<line number="259" hits="0"></line>
						<line number="262" hits="12"></line>
						<line number="263" hits="9"></line>
						<line number="264" hits="3"></line>
						<line number="265" hits="1"></line>
						<line number="267" hits="2"></line>
						<line number="272" hits="70"></line>
						<line number="273" hits="41"></line>
						<line number="276" hits="29"></line>
						<line number="277" hits="28"></line>
						<line number="280" hits="1"></line>
						<line number="284" hits="9"></line>
						<line number="286" hits="9"></line>
						<line number="287" hits="13"></line>
						<line number="288" hits="13"></line>
						<line number="289" hits="0"></line>
						<line number="292" hits="13"></line>
						<line number="293" hits="13"></line>
						<line number="294" hits="0"></line>
						<line number="297" hits="13"></line>
						<line number="298" hits="13"></line>
						<line number="299" hits="0"></line>
						<line number="302" hits="13"></line>
						<line number="303" hits="13"></line>
						<line number="306" hits="9"></line>
						<line number="310" hits="25"></line>
						<line number="312" hits="17"></line>
						<line number="314" hits="8"></line>
						<line number="316" hits="0"></line>
						<line number="321" hits="17"></line>
						<line number="322" hits="17"></line>
						<line number="323" hits="17"></line>
						<line number="325" hits="17"></line>
						<line number="326" hits="2"></line>
						<line number="329" hits="15"></line>
						<line number="333" hits="8"></line>
						<line number="335" hits="8"></line>
						<line number="336" hits="8"></line>
						<line number="337" hits="1"></line>
						<line number="340" hits="7"></line>
						<line number="341" hits="7"></line>
						<line number="342" hits="2"></line>
						<line number="345" hits="5"></line>
						<line number="349" hits="68"></line>
						<line number="351" hits="68"></line>
						<line number="352" hits="111"></line>
						<line number="353" hits="111"></line>
						<line number="354" hits="0"></line>
						<line number="357" hits="111"></line>
						<line number="360" hits="68"></line>
						<line number="364" hits="37"></line>
						<line number="366" hits="9"></line>
						<line number="367" hits="9"></line>
						<line number="368" hits="9"></line>
						<line number="370" hits="28"></line>
						<line number="371" hits="2"></line>
						<line number="372" hits="2"></line>
						<line number="373" hits="2"></line>
						<line number="374" hits="2"></line>
						<line number="375" hits="2"></line>
						<line number="376" hits="2"></line>
						<line number="379" hits="26"></line>
						<line number="381" hits="0"></line>
						<line number="386" hits="9"></line>
						<line number="388" hits="9"></line>
						<line number="389" hits="12"></line>
						<line number="392" hits="9"></line>
						<line number="396" hits="9"></line>
						<line number="397" hits="1"></line>
						<line number="400" hits="8"></line>
						<line number="404" hits="69"></line>
						<line number="405" hits="39"></line>
						<line number="408" hits="30"></line>
						<line number="412" hits="12"></line>
						<line number="414" hits="0"></line>
						<line number="416" hits="8"></line>
						<line number="418" hits="3"></line>
						<line number="420" hits="1"></line>
						<line number="425" hits="503"></line>
						<line number="426" hits="503"></line>
						<line number="429" hits="0"></line>
						<line number="433" hits="18"></line>
					</lines>
				</class>
			</classes>
		</package>
		<package name="github.com/TurnsCoffeeIntoScripts/git-log-issue-finder/pkg/interpreter/lexer" line-rate="0.97402596" branch-rate="0" complexity="0" line-count="77" line-hits="75">
			<classes>
				<class name="-" filename="pkg/interpreter/lexer/lexer.go" line-rate="1" branch-rate="0" complexity="0" line-count="6" line-hits="6">
					<methods>
						<method name="New" signature="" line-rate="1" branch-rate="0" complexity="0" line-count="0" line-hits="0">
							<lines>
								<line number="22" hits="1"></line>
								<line number="23" hits="1"></line>
								<line number="24" hits="1"></line>
							</lines>
						</method>
						<method name="newToken" signature="" line-rate="1" branch-rate="0" complexity="0" line-count="0" line-hits="0">
							<lines>
								<line number="28" hits="44"></line>
							</lines>
						</method>
						<method name="isLetter" signature="" line-rate="1" branch-rate="0" complexity="0" line-count="0" line-hits="0">
							<lines>
								<line number="32" hits="158"></line>
							</lines>
						</method>
						<method name="isDigit" signature="" line-rate="1" branch-rate="0" complexity="0" line-count="0" line-hits="0">
							<lines>
								<line number="36" hits="48"></line>
							</lines>
						</method>
					</methods>
					<lines>
						<line number="22" hits="1"></line>
						<line number="23" hits="1"></line>
						<line number="24" hits="1"></line>
						<line number="28" hits="44"></line>
						<line number="32" hits="158"></line>
						<line number="36" hits="48"></line>
					</lines>
				</class>
				<class name="Lexer" filename="pkg/interpreter/lexer/lexer.go" line-rate="0.97183096" branch-rate="0" complexity="0" line-count="71" line-hits="69">
					<methods>
						<method name="NextToken" signature="" line-rate="0.9787234" branch-rate="0" complexity="0" line-count="0" line-hits="0">
							<lines>
								<line number="41" hits="94"></line>
								<line number="43" hits="94"></line>
								<line number="45" hits="94"></line>
								<line number="47" hits="5"></line>
								<line number="48" hits="1"></line>
								<line number="49" hits="1"></line>
								<line number="50" hits="1"></line>
								<line number="52" hits="4"></line>
								<line number="55" hits="1"></line>
								<line number="57" hits="2"></line>
								<line number="58" hits="1"></line>
								<line number="59" hits="1"></line>
								<line number="60" hits="1"></line>
								<line number="62" hits="1"></line>
								<line number="65" hits="12"></line>
								<line number="67" hits="3"></line>
								<line number="69" hits="3"></line>
								<line number="71" hits="3"></line>
								<line number="73" hits="4"></line>
								<line number="75" hits="4"></line>
								<line number="77" hits="1"></line>
								<line number="79" hits="1"></line>
								<line number="81" hits="1"></line>
								<line number="83" hits="2"></line>
								<line number="84" hits="1"></line>
								<line number="85" hits="1"></line>
								<line number="86" hits="1"></line>
								<line number="88" hits="1"></line>
								<line number="91" hits="1"></line>
								<line number="93" hits="1"></line>
								<line number="95" hits="2"></line>
								<line number="97" hits="1"></line>
								<line number="100" hits="5"></line>
								<line number="101" hits="5"></line>
								<line number="103" hits="1"></line>
								<line number="104" hits="1"></line>
								<line number="106" hits="41"></line>
								<line number="107" hits="27"></line>
								<line number="108" hits="27"></line>
								<line number="109" hits="27"></line>
								<line number="110" hits="14"></line>
								<line number="111" hits="14"></line>
								<line number="112" hits="14"></line>
								<line number="113" hits="14"></line>
								<line number="115" hits="0"></line>
								<line number="119" hits="53"></line>
								<line number="120" hits="53"></line>
							</lines>
						</method>
						<method name="readChar" signature="" line-rate="1" branch-rate="0" complexity="0" line-count="0" line-hits="0">
							<lines>
								<line number="124" hits="264"></line>
								<line number="125" hits="2"></line>
								<line number="127" hits="262"></line>
								<line number="130" hits="264"></line>
								<line number="131" hits="264"></line>
							</lines>
						</method>
						<method name="readNumber" signature="" line-rate="1" branch-rate="0" complexity="0" line-count="0" line-hits="0">
							<lines>
								<line number="135" hits="14"></line>
								<line number="136" hits="14"></line>
								<line number="137" hits="20"></line>
								<line number="140" hits="14"></line>
							</lines>
						</method>
						<method name="readIdentifier" signature="" line-rate="1" branch-rate="0" complexity="0" line-count="0" line-hits="0">
							<lines>
								<line number="144" hits="27"></line>
								<line number="145" hits="27"></line>
								<line number="146" hits="90"></line>
								<line number="149" hits="27"></line>
							</lines>
						</method>
						<method name="readString" signature="" line-rate="1" branch-rate="0" complexity="0" line-count="0" line-hits="0">
							<lines>
								<line number="153" hits="5"></line>
								<line number="154" hits="5"></line>
								<line number="155" hits="31"></line>
								<line number="156" hits="31"></line>
								<line number="157" hits="5"></line>
								<line number="161" hits="5"></line>
							</lines>
						</method>
						<method name="skipWhitespace" signature="" line-rate="1" branch-rate="0" complexity="0" line-count="0" line-hits="0">
							<lines>
								<line number="165" hits="94"></line>
								<line number="166" hits="66"></line>
							</lines>
						</method>
						<method name="peekChar" signature="" line-rate="0.6666667" branch-rate="0" complexity="0" line-count="0" line-hits="0">
							<lines>
								<line number="171" hits="9"></line>
								<line number="172" hits="0"></line>
								<line number="175" hits="9"></line>
							</lines>
						</method>
					</methods>
					<lines>
						<line number="41" hits="94"></line>
						<line number="43" hits="94"></line>
						<line number="45" hits="94"></line>
						<line number="47" hits="5"></line>
						<line number="48" hits="1"></line>
						<line number="49" hits="1"></line>
						<line number="50" hits="1"></line>
						<line number="52" hits="4"></line>
						<line number="55" hits="1"></line>
						<line number="57" hits="2"></line>
						<line number="58" hits="1"></line>
						<line number="59" hits="1"></line>
						<line number="60" hits="1"></line>
						<line number="62" hits="1"></line>
						<line number="65" hits="12"></line>
						<line number="67" hits="3"></line>
						<line number="69" hits="3"></line>
						<line number="71" hits="3"></line>
						<line number="73" hits="4"></line>
						<line number="75" hits="4"></line>
						<line number="77" hits="1"></line>
						<line number="79" hits="1"></line>
						<line number="81" hits="1"></line>
						<line number="83" hits="2"></line>
						<line number="84" hits="1"></line>
						<line number="85" hits="1"></line>
						<line number="86" hits="1"></line>
						<line number="88" hits="1"></line>
						<line number="91" hits="1"></line>
						<line number="93" hits="1"></line>
						<line number="95" hits="2"></line>
						<line number="97" hits="1"></line>
						<line number="100" hits="5"></line>
						<line number="101" hits="5"></line>
						<line number="103" hits="1"></line>
						<line number="104" hits="1"></line>
						<line number="106" hits="41"></line>
						<line number="107" hits="27"></line>
						<line number="108" hits="27"></line>
						<line number="109" hits="27"></line>
						<line number="110" hits="14"></line>
						<line number="111" hits="14"></line>
						<line number="112" hits="14"></line>
						<line number="113" hits="14"></line>
						<line number="115" hits="0"></line>
						<line number="119" hits="53"></line>
						<line number="120" hits="53"></line>
						<line number="124" hits="264"></line>
						<line number="125" hits="2"></line>
						<line number="127" hits="262"></line>
						<line number="130" hits="264"></line>
						<line number="131" hits="264"></line>
						<line number="135" hits="14"></line>
						<line number="136" hits="14"></line>
						<line number="137" hits="20"></line>
						<line number="140" hits="14"></line>
						<line number="144" hits="27"></line>
						<line number="145" hits="27"></line>
						<line number="146" hits="90"></line>
						<line number="149" hits="27"></line>
						<line number="153" hits="5"></line>
						<line number="154" hits="5"></line>
						<line number="155" hits="31"></line>
						<line number="156" hits="31"></line>
						<line number="157" hits="5"></line>
						<line number="161" hits="5"></line>
						<line number="165" hits="94"></line>
						<line number="166" hits="66"></line>
						<line number="171" hits="9"></line>
						<line number="172" hits="0"></line>
						<line number="175" hits="9"></line>
					</lines>
				</class>
			</classes>
		</package>
		<package name="github.com/TurnsCoffeeIntoScripts/git-log-issue-finder/pkg/interpreter/object" line-rate="0.05479452" branch-rate="0" complexity="0" line-count="73" line-hits="4">
			<classes>
				<class name="Array" filename="pkg/interpreter/object/array.go" line-rate="0" branch-rate="0" complexity="0" line-count="9" line-hits="0">
					<methods>
						<method name="Type" signature="" line-rate="0" branch-rate="0" complexity="0" line-count="0" line-hits="0">
							<lines>
								<line number="15" hits="0"></line>
							</lines>
						</method>
						<method name="Inspect" signature="" line-rate="0" branch-rate="0" complexity="0" line-count="0" line-hits="0">
							<lines>
								<line number="20" hits="0"></line>
								<line number="22" hits="0"></line>
								<line number="23" hits="0"></line>
								<line number="24" hits="0"></line>
								<line number="27" hits="0"></line>
								<line number="28" hits="0"></line>
								<line number="29" hits="0"></line>
								<line number="30" hits="0"></line>
							</lines>
						</method>
					</methods>
					<lines>
						<line number="15" hits="0"></line>
						<line number="20" hits="0"></line>
						<line number="22" hits="0"></line>
						<line number="23" hits="0"></line>
						<line number="24" hits="0"></line>
						<line number="27" hits="0"></line>
						<line number="28" hits="0"></line>
						<line number="29" hits="0"></line>
						<line number="30" hits="0"></line>
					</lines>
				</class>
				<class name="Boolean" filename="pkg/interpreter/object/boolean.go" line-rate="0" branch-rate="0" complexity="0" line-count="2" line-hits="0">
					<methods>
						<method name="Type" signature="" line-rate="0" branch-rate="0" complexity="0" line-count="0" line-hits="0">
							<lines>
								<line number="12" hits="0"></line>
							</lines>
						</method>
						<method name="Inspect" signature="" line-rate="0" branch-rate="0" complexity="0" line-count="0" line-hits="0">
							<lines>
								<line number="17" hits="0"></line>
							</lines>
						</method>
					</methods>
					<lines>
						<line number="12" hits="0"></line>
						<line number="17" hits="0"></line>
					</lines>
				</class>
				<class name="-" filename="pkg/interpreter/object/environment.go" line-rate="0" branch-rate="0" complexity="0" line-count="10" line-hits="0">
					<methods>
						<method name="NewEnvironmentWithParams" signature="" line-rate="0" branch-rate="0" complexity="0" line-count="0" line-hits="0">
							<lines>
								<line number="12" hits="0"></line>
								<line number="13" hits="0"></line>
								<line number="14" hits="0"></line>
								<line number="16" hits="0"></line>
							</lines>
						</method>
						<method name="NewEnvironment" signature="" line-rate="0" branch-rate="0" complexity="0" line-count="0" line-hits="0">
							<lines>
								<line number="21" hits="0"></line>
								<line number="23" hits="0"></line>
								<line number="25" hits="0"></line>
							</lines>
						</method>
						<method name="NewEnclosedEnvironment" signature="" line-rate="0" branch-rate="0" complexity="0" line-count="0" line-hits="0">
							<lines>
								<line number="30" hits="0"></line>
								<line number="31" hits="0"></line>
								<line number="33" hits="0"></line>
							</lines>
						</method>
					</methods>
					<lines>
						<line number="12" hits="0"></line>
						<line number="13" hits="0"></line>
						<line number="14" hits="0"></line>
						<line number="16" hits="0"></line>
						<line number="21" hits="0"></line>
						<line number="23" hits="0"></line>
						<line number="25" hits="0"></line>
						<line number="30" hits="0"></line>
						<line number="31" hits="0"></line>
						<line number="33" hits="0"></line>
					</lines>
				</class>
				<class name="Environment" filename="pkg/interpreter/object/environment.go" line-rate="0" branch-rate="0" complexity="0" line-count="6" line-hits="0">
					<methods>
						<method name="Get" signature="" line-rate="0" branch-rate="0" complexity="0" line-count="0" line-hits="0">
							<lines>
								<line number="38" hits="0"></line>
								<line number="39" hits="0"></line>
								<line number="40" hits="0"></line>
								<line number="42" hits="0"></line>
							</lines>
						</method>
						<method name="Set" signature="" line-rate="0" branch-rate="0" complexity="0" line-count="0" line-hits="0">
							<lines>
								<line number="47" hits="0"></line>
								<line number="48" hits="0"></line>
							</lines>
						</method>
					</methods>
					<lines>
						<line number="38" hits="0"></line>
						<line number="39" hits="0"></line>
						<line number="40" hits="0"></line>
						<line number="42" hits="0"></line>
						<line number="47" hits="0"></line>
						<line number="48" hits="0"></line>
					</lines>
				</class>
				<class name="String" filename="pkg/interpreter/object/hash.go" line-rate="1" branch-rate="0" complexity="0" line-count="3" line-hits="3">
					<methods>
						<method name="HashKey" signature="" line-rate="1" branch-rate="0" complexity="0" line-count="0" line-hits="0">
							<lines>
								<line number="55" hits="6"></line>
								<line number="56" hits="6"></line>
								<line number="58" hits="6"></line>
							</lines>
						</method>
					</methods>
					<lines>
						<line number="55" hits="6"></line>
						<line number="56" hits="6"></line>
						<line number="58" hits="6"></line>
					</lines>
				</class>
				<class name="Hash" filename="pkg/interpreter/object/hash.go" line-rate="0" branch-rate="0" complexity="0" line-count="9" line-hits="0">
					<methods>
						<method name="Type" signature="" line-rate="0" branch-rate="0" complexity="0" line-count="0" line-hits="0">
							<lines>
								<line number="63" hits="0"></line>
							</lines>
						</method>
						<method name="Inspect" signature="" line-rate="0" branch-rate="0" complexity="0" line-count="0" line-hits="0">
							<lines>
								<line number="68" hits="0"></line>
								<line number="69" hits="0"></line>
								<line number="71" hits="0"></line>
								<line number="72" hits="0"></line>
								<line number="75" hits="0"></line>
								<line number="76" hits="0"></line>
								<line number="77" hits="0"></line>
								<line number="78" hits="0"></line>
							</lines>
						</method>
					</methods>
					<lines>
						<line number="63" hits="0"></line>
						<line number="68" hits="0"></line>
						<line number="69" hits="0"></line>
						<line number="71" hits="0"></line>
						<line number="72" hits="0"></line>
						<line number="75" hits="0"></line>
						<line number="76" hits="0"></line>
						<line number="77" hits="0"></line>
						<line number="78" hits="0"></line>
					</lines>
				</class>
				<class name="Boolean" filename="pkg/interpreter/object/hash.go" line-rate="0" branch-rate="0" complexity="0" line-count="5" line-hits="0">
					<methods>
						<method name="HashKey" signature="" line-rate="0" branch-rate="0" complexity="0" line-count="0" line-hits="0">
							<lines>
								<line number="35" hits="0"></line>
								<line number="37" hits="0"></line>
								<line number="38" hits="0"></line>
								<line number="40" hits="0"></line>
								<line number="43" hits="0"></line>
							</lines>
						</method>
					</methods>
					<lines>
						<line number="35" hits="0"></line>
						<line number="37" hits="0"></line>
						<line number="38" hits="0"></line>
						<line number="40" hits="0"></line>
						<line number="43" hits="0"></line>
					</lines>
				</class>
[...]
								<line number="464" hits="5"></line>
								<line number="465" hits="0"></line>
								<line number="468" hits="5"></line>
							</lines>
						</method>
						<method name="parseIfExpression" signature="" line-rate="0.7222222" branch-rate="0" complexity="0" line-count="0" line-hits="0">
							<lines>
								<line number="472" hits="2"></line>
								<line number="473" hits="0"></line>
								<line number="475" hits="2"></line>
								<line number="477" hits="2"></line>
								<line number="478" hits="0"></line>
								<line number="481" hits="2"></line>
								<line number="482" hits="2"></line>
								<line number="484" hits="2"></line>
								<line number="485" hits="0"></line>
								<line number="488" hits="2"></line>
								<line number="489" hits="0"></line>
								<line number="492" hits="2"></line>
								<line number="494" hits="2"></line>
								<line number="495" hits="1"></line>
								<line number="497" hits="1"></line>
								<line number="498" hits="0"></line>
								<line number="501" hits="1"></line>
								<line number="504" hits="2"></line>
							</lines>
						</method>
						<method name="parseCallExpression" signature="" line-rate="0.8" branch-rate="0" complexity="0" line-count="0" line-hits="0">
							<lines>
								<line number="508" hits="6"></line>
								<line number="509" hits="0"></line>
								<line number="511" hits="6"></line>
								<line number="512" hits="6"></line>
								<line number="513" hits="6"></line>
							</lines>
						</method>
						<method name="parseIndexExpression" signature="" line-rate="0.75" branch-rate="0" complexity="0" line-count="0" line-hits="0">
							<lines>
								<line number="517" hits="5"></line>
								<line number="518" hits="0"></line>
								<line number="520" hits="5"></line>
								<line number="522" hits="5"></line>
								<line number="523" hits="5"></line>
								<line number="525" hits="5"></line>
								<line number="526" hits="0"></line>
								<line number="529" hits="5"></line>
							</lines>
						</method>
						<method name="parseExpressionList" signature="" line-rate="0.73333335" branch-rate="0" complexity="0" line-count="0" line-hits="0">
							<lines>
								<line number="533" hits="9"></line>
								<line number="534" hits="0"></line>
								<line number="536" hits="9"></line>
								<line number="538" hits="9"></line>
								<line number="539" hits="0"></line>
								<line number="540" hits="0"></line>
								<line number="543" hits="9"></line>
								<line number="544" hits="9"></line>
								<line number="546" hits="9"></line>
								<line number="547" hits="16"></line>
								<line number="548" hits="16"></line>
								<line number="549" hits="16"></line>
								<line number="552" hits="9"></line>
								<line number="553" hits="0"></line>
								<line number="556" hits="9"></line>
							</lines>
						</method>
						<method name="currentPrecedence" signature="" line-rate="0.6666667" branch-rate="0" complexity="0" line-count="0" line-hits="0">
							<lines>
								<line number="561" hits="81"></line>
								<line number="562" hits="81"></line>
								<line number="565" hits="0"></line>
							</lines>
						</method>
						<method name="peekPrecedence" signature="" line-rate="1" branch-rate="0" complexity="0" line-count="0" line-hits="0">
							<lines>
								<line number="570" hits="284"></line>
								<line number="571" hits="116"></line>
								<line number="574" hits="168"></line>
							</lines>
						</method>
						<method name="currentTokenIs" signature="" line-rate="1" branch-rate="0" complexity="0" line-count="0" line-hits="0">
							<lines>
								<line number="579" hits="159"></line>
							</lines>
						</method>
						<method name="peekTokenIs" signature="" line-rate="1" branch-rate="0" complexity="0" line-count="0" line-hits="0">
							<lines>
								<line number="584" hits="489"></line>
							</lines>
						</method>
						<method name="expectPeek" signature="" line-rate="0.6" branch-rate="0" complexity="0" line-count="0" line-hits="0">
							<lines>
								<line number="590" hits="58"></line>
								<line number="591" hits="58"></line>
								<line number="592" hits="58"></line>
								<line number="595" hits="0"></line>
								<line number="596" hits="0"></line>
							</lines>
						</method>
						<method name="peekError" signature="" line-rate="0" branch-rate="0" complexity="0" line-count="0" line-hits="0">
							<lines>
								<line number="601" hits="0"></line>
								<line number="603" hits="0"></line>
							</lines>
						</method>
					</methods>
					<lines>
						<line number="121" hits="62"></line>
						<line number="126" hits="62"></line>
						<line number="127" hits="62"></line>
						<line number="129" hits="62"></line>
						<line number="130" hits="66"></line>
						<line number="131" hits="66"></line>
						<line number="132" hits="66"></line>
						<line number="134" hits="66"></line>
						<line number="137" hits="62"></line>
						<line number="142" hits="542"></line>
						<line number="143" hits="542"></line>
						<line number="147" hits="744"></line>
						<line number="151" hits="682"></line>
						<line number="155" hits="0"></line>
						<line number="156" hits="0"></line>
						<line number="161" hits="70"></line>
						<line number="163" hits="3"></line>
						<line number="165" hits="2"></line>
						<line number="167" hits="3"></line>
						<line number="169" hits="62"></line>
						<line number="175" hits="208"></line>
						<line number="176" hits="0"></line>
						<line number="178" hits="208"></line>
						<line number="179" hits="208"></line>
						<line number="180" hits="0"></line>
						<line number="181" hits="0"></line>
						<line number="183" hits="208"></line>
						<line number="185" hits="208"></line>
						<line number="186" hits="92"></line>
						<line number="187" hits="92"></line>
						<line number="188" hits="0"></line>
						<line number="191" hits="92"></line>
						<line number="193" hits="92"></line>
						<line number="196" hits="208"></line>
						<line number="200" hits="3"></line>
						<line number="201" hits="0"></line>
						<line number="203" hits="3"></line>
						<line number="204" hits="3"></line>
						<line number="205" hits="0"></line>
						<line number="208" hits="3"></line>
						<line number="209" hits="3"></line>
						<line number="210" hits="0"></line>
						<line number="213" hits="3"></line>
						<line number="215" hits="3"></line>
						<line number="216" hits="3"></line>
						<line number="217" hits="3"></line>
						<line number="220" hits="3"></line>
						<line number="224" hits="2"></line>
						<line number="225" hits="0"></line>
						<line number="227" hits="2"></line>
						<line number="228" hits="2"></line>
						<line number="229" hits="0"></line>
						<line number="232" hits="2"></line>
						<line number="233" hits="2"></line>
						<line number="235" hits="2"></line>
						<line number="236" hits="2"></line>
						<line number="237" hits="1"></line>
						<line number="240" hits="2"></line>
						<line number="244" hits="3"></line>
						<line number="245" hits="0"></line>
						<line number="247" hits="3"></line>
						<line number="249" hits="3"></line>
						<line number="251" hits="3"></line>
						<line number="252" hits="3"></line>
						<line number="253" hits="3"></line>
						<line number="256" hits="3"></line>
						<line number="260" hits="62"></line>
						<line number="261" hits="0"></line>
						<line number="263" hits="62"></line>
						<line number="265" hits="62"></line>
						<line number="267" hits="62"></line>
						<line number="268" hits="9"></line>
						<line number="271" hits="62"></line>
						<line number="275" hits="7"></line>
						<line number="276" hits="0"></line>
						<line number="278" hits="7"></line>
						<line number="279" hits="7"></line>
						<line number="281" hits="7"></line>
						<line number="283" hits="7"></line>
						<line number="284" hits="4"></line>
						<line number="285" hits="4"></line>
						<line number="286" hits="4"></line>
						<line number="288" hits="4"></line>
						<line number="291" hits="7"></line>
						<line number="295" hits="61"></line>
						<line number="296" hits="0"></line>
						<line number="298" hits="61"></line>
						<line number="302" hits="97"></line>
						<line number="303" hits="0"></line>
						<line number="305" hits="97"></line>
						<line number="307" hits="97"></line>
						<line number="308" hits="97"></line>
						<line number="309" hits="0"></line>
						<line number="310" hits="0"></line>
						<line number="311" hits="0"></line>
						<line number="314" hits="97"></line>
						<line number="315" hits="97"></line>
						<line number="319" hits="9"></line>
						<line number="320" hits="0"></line>
						<line number="322" hits="9"></line>
						<line number="326" hits="3"></line>
						<line number="327" hits="0"></line>
						<line number="329" hits="3"></line>
						<line number="330" hits="3"></line>
						<line number="331" hits="3"></line>
						<line number="335" hits="3"></line>
						<line number="336" hits="0"></line>
						<line number="338" hits="3"></line>
						<line number="339" hits="3"></line>
						<line number="341" hits="3"></line>
						<line number="342" hits="6"></line>
						<line number="343" hits="6"></line>
						<line number="345" hits="6"></line>
						<line number="346" hits="0"></line>
						<line number="349" hits="6"></line>
						<line number="350" hits="6"></line>
						<line number="352" hits="6"></line>
						<line number="354" hits="6"></line>
						<line number="355" hits="0"></line>
						<line number="359" hits="3"></line>
						<line number="360" hits="0"></line>
						<line number="363" hits="3"></line>
						<line number="367" hits="16"></line>
						<line number="368" hits="0"></line>
						<line number="370" hits="16"></line>
						<line number="374" hits="4"></line>
						<line number="375" hits="0"></line>
						<line number="377" hits="4"></line>
						<line number="379" hits="4"></line>
						<line number="380" hits="0"></line>
						<line number="383" hits="4"></line>
						<line number="385" hits="4"></line>
						<line number="386" hits="0"></line>
						<line number="389" hits="4"></line>
						<line number="391" hits="4"></line>
						<line number="395" hits="4"></line>
						<line number="396" hits="0"></line>
						<line number="398" hits="4"></line>
						<line number="400" hits="4"></line>
						<line number="401" hits="1"></line>
						<line number="402" hits="1"></line>
						<line number="405" hits="3"></line>
						<line number="407" hits="3"></line>
						<line number="408" hits="3"></line>
						<line number="410" hits="3"></line>
						<line number="411" hits="3"></line>
						<line number="412" hits="3"></line>
						<line number="413" hits="3"></line>
						<line number="414" hits="3"></line>
						<line number="417" hits="3"></line>
						<line number="418" hits="0"></line>
						<line number="421" hits="3"></line>
						<line number="425" hits="10"></line>
						<line number="426" hits="0"></line>
						<line number="428" hits="10"></line>
						<line number="433" hits="10"></line>
						<line number="435" hits="10"></line>
						<line number="436" hits="10"></line>
						<line number="440" hits="81"></line>
						<line number="441" hits="0"></line>
						<line number="443" hits="81"></line>
						<line number="449" hits="81"></line>
						<line number="450" hits="81"></line>
						<line number="451" hits="81"></line>
						<line number="453" hits="81"></line>
						<line number="457" hits="5"></line>
						<line number="458" hits="0"></line>
						<line number="460" hits="5"></line>
						<line number="462" hits="5"></line>
						<line number="464" hits="5"></line>
						<line number="465" hits="0"></line>
						<line number="468" hits="5"></line>
						<line number="472" hits="2"></line>
						<line number="473" hits="0"></line>
						<line number="475" hits="2"></line>
						<line number="477" hits="2"></line>
						<line number="478" hits="0"></line>
						<line number="481" hits="2"></line>
						<line number="482" hits="2"></line>
						<line number="484" hits="2"></line>
						<line number="485" hits="0"></line>
						<line number="488" hits="2"></line>
						<line number="489" hits="0"></line>
						<line number="492" hits="2"></line>
						<line number="494" hits="2"></line>
						<line number="495" hits="1"></line>
						<line number="497" hits="1"></line>
						<line number="498" hits="0"></line>
						<line number="501" hits="1"></line>
						<line number="504" hits="2"></line>
						<line number="508" hits="6"></line>
						<line number="509" hits="0"></line>
						<line number="511" hits="6"></line>
						<line number="512" hits="6"></line>
						<line number="513" hits="6"></line>
						<line number="517" hits="5"></line>
						<line number="518" hits="0"></line>
						<line number="520" hits="5"></line>
						<line number="522" hits="5"></line>
						<line number="523" hits="5"></line>
						<line number="525" hits="5"></line>
						<line number="526" hits="0"></line>
						<line number="529" hits="5"></line>
						<line number="533" hits="9"></line>
						<line number="534" hits="0"></line>
						<line number="536" hits="9"></line>
						<line number="538" hits="9"></line>
						<line number="539" hits="0"></line>
						<line number="540" hits="0"></line>
						<line number="543" hits="9"></line>
						<line number="544" hits="9"></line>
						<line number="546" hits="9"></line>
						<line number="547" hits="16"></line>
						<line number="548" hits="16"></line>
						<line number="549" hits="16"></line>
						<line number="552" hits="9"></line>
						<line number="553" hits="0"></line>
						<line number="556" hits="9"></line>
						<line number="561" hits="81"></line>
						<line number="562" hits="81"></line>
						<line number="565" hits="0"></line>
						<line number="570" hits="284"></line>
						<line number="571" hits="116"></line>
						<line number="574" hits="168"></line>
						<line number="579" hits="159"></line>
						<line number="584" hits="489"></line>
						<line number="590" hits="58"></line>
						<line number="591" hits="58"></line>
						<line number="592" hits="58"></line>
						<line number="595" hits="0"></line>
						<line number="596" hits="0"></line>
						<line number="601" hits="0"></line>
						<line number="603" hits="0"></line>
					</lines>
				</class>
				<class name="-" filename="pkg/interpreter/parser/parser.go" line-rate="0.90625" branch-rate="0" complexity="0" line-count="32" line-hits="29">
					<methods>
						<method name="NewWithOptions" signature="" line-rate="0" branch-rate="0" complexity="0" line-count="0" line-hits="0">
							<lines>
								<line number="73" hits="0"></line>
								<line number="74" hits="0"></line>
								<line number="76" hits="0"></line>
							</lines>
						</method>
						<method name="New" signature="" line-rate="1" branch-rate="0" complexity="0" line-count="0" line-hits="0">
							<lines>
								<line number="81" hits="62"></line>
								<line number="86" hits="62"></line>
								<line number="87" hits="62"></line>
								<line number="89" hits="62"></line>
								<line number="90" hits="62"></line>
								<line number="91" hits="62"></line>
								<line number="92" hits="62"></line>
								<line number="93" hits="62"></line>
								<line number="94" hits="62"></line>
								<line number="95" hits="62"></line>
								<line number="96" hits="62"></line>
								<line number="97" hits="62"></line>
								<line number="98" hits="62"></line>
								<line number="99" hits="62"></line>
								<line number="100" hits="62"></line>
								<line number="101" hits="62"></line>
								<line number="103" hits="62"></line>
								<line number="104" hits="62"></line>
								<line number="105" hits="62"></line>
								<line number="106" hits="62"></line>
								<line number="107" hits="62"></line>
								<line number="108" hits="62"></line>
								<line number="109" hits="62"></line>
								<line number="110" hits="62"></line>
								<line number="111" hits="62"></line>
								<line number="112" hits="62"></line>
								<line number="113" hits="62"></line>
								<line number="114" hits="62"></line>
								<line number="116" hits="62"></line>
							</lines>
						</method>
					</methods>
					<lines>
						<line number="73" hits="0"></line>
						<line number="74" hits="0"></line>
						<line number="76" hits="0"></line>
						<line number="81" hits="62"></line>
						<line number="86" hits="62"></line>
						<line number="87" hits="62"></line>
						<line number="89" hits="62"></line>
						<line number="90" hits="62"></line>
						<line number="91" hits="62"></line>
						<line number="92" hits="62"></line>
						<line number="93" hits="62"></line>
						<line number="94" hits="62"></line>
						<line number="95" hits="62"></line>
						<line number="96" hits="62"></line>
						<line number="97" hits="62"></line>
						<line number="98" hits="62"></line>
						<line number="99" hits="62"></line>
						<line number="100" hits="62"></line>
						<line number="101" hits="62"></line>
						<line number="103" hits="62"></line>
						<line number="104" hits="62"></line>
						<line number="105" hits="62"></line>
						<line number="106" hits="62"></line>
						<line number="107" hits="62"></line>
						<line number="108" hits="62"></line>
						<line number="109" hits="62"></line>
						<line number="110" hits="62"></line>
						<line number="111" hits="62"></line>
						<line number="112" hits="62"></line>
						<line number="113" hits="62"></line>
						<line number="114" hits="62"></line>
						<line number="116" hits="62"></line>
					</lines>
				</class>
				<class name="-" filename="pkg/interpreter/parser/parser_tracing.go" line-rate="0" branch-rate="0" complexity="0" line-count="9" line-hits="0">
					<methods>
						<method name="identLevel" signature="" line-rate="0" branch-rate="0" complexity="0" line-count="0" line-hits="0">
							<lines>
								<line number="13" hits="0"></line>
							</lines>
						</method>
						<method name="tracePrint" signature="" line-rate="0" branch-rate="0" complexity="0" line-count="0" line-hits="0">
							<lines>
								<line number="17" hits="0"></line>
							</lines>
						</method>
						<method name="incIdent" signature="" line-rate="0" branch-rate="0" complexity="0" line-count="0" line-hits="0">
							<lines>
								<line number="20" hits="0"></line>
							</lines>
						</method>
						<method name="decIdent" signature="" line-rate="0" branch-rate="0" complexity="0" line-count="0" line-hits="0">
							<lines>
								<line number="21" hits="0"></line>
							</lines>
						</method>
						<method name="trace" signature="" line-rate="0" branch-rate="0" complexity="0" line-count="0" line-hits="0">
							<lines>
								<line number="24" hits="0"></line>
								<line number="25" hits="0"></line>
								<line number="26" hits="0"></line>
							</lines>
						</method>
						<method name="untrace" signature="" line-rate="0" branch-rate="0" complexity="0" line-count="0" line-hits="0">
							<lines>
								<line number="30" hits="0"></line>
								<line number="31" hits="0"></line>
							</lines>
						</method>
					</methods>
					<lines>
						<line number="13" hits="0"></line>
						<line number="17" hits="0"></line>
						<line number="20" hits="0"></line>
						<line number="21" hits="0"></line>
						<line number="24" hits="0"></line>
						<line number="25" hits="0"></line>
						<line number="26" hits="0"></line>
						<line number="30" hits="0"></line>
						<line number="31" hits="0"></line>
					</lines>
				</class>
			</classes>
		</package>
	</packages>
	<sources>
		<source>/home/grivest/workspace/git-log-issue-finder</source>
	</sources>
</coverage>
